<?xml version="1.0" encoding="UTF-8"?>
<testsuite xmlns:xsi="http://www.w3.org/2001/XMLSchema-instance" xsi:schemaLocation="https://maven.apache.org/surefire/maven-surefire-plugin/xsd/surefire-test-report.xsd" name="apackage.junit.TextAreaTester" time="0.084" tests="4" errors="0" skipped="0" failures="0">
  <properties>
[...]
</properties>
  <testcase name="testTextAreaEnabled" classname="apackage.junit.TextAreaTester" time="0"/>
  <testcase name="testComponentCreation" classname="apackage.junit.TextAreaTester" time="0.056"/>
  <testcase name="testTextAreaComponentCount" classname="apackage.junit.TextAreaTester" time="0.006"/>
  <testcase name="testTextAreaVisible" classname="apackage.junit.TextAreaTester" time="0.022"/>
</testsuite>