<?xml version="1.0" encoding="UTF-8"?>
<testsuite xmlns:xsi="http://www.w3.org/2001/XMLSchema-instance" xsi:schemaLocation="https://maven.apache.org/surefire/maven-surefire-plugin/xsd/surefire-test-report.xsd" name="battlePackage.junit.BattleGraphicsTester" time="0.519" tests="6" errors="6" skipped="0" failures="0">
  <properties>
[...]
</properties>
  <testcase name="testInvalidFile" classname="battlePackage.junit.BattleGraphicsTester" time="0.021">
    <error message="No ParameterResolver registered for parameter [java.lang.String arg0] in executable [void battlePackage.junit.BattleGraphicsTester.init(java.lang.String) throws java.io.IOException]." type="org.junit.jupiter.api.extension.ParameterResolutionException">org.junit.jupiter.api.extension.ParameterResolutionException: No ParameterResolver registered for parameter [java.lang.String arg0] in executable [void battlePackage.junit.BattleGraphicsTester.init(java.lang.String) throws java.io.IOException].
</error>
  </testcase>
  <testcase name="testNullFile" classname="battlePackage.junit.BattleGraphicsTester" time="0.001">
    <error message="No ParameterResolver registered for parameter [java.lang.String arg0] in executable [void battlePackage.junit.BattleGraphicsTester.init(java.lang.String) throws java.io.IOException]." type="org.junit.jupiter.api.extension.ParameterResolutionException">org.junit.jupiter.api.extension.ParameterResolutionException: No ParameterResolver registered for parameter [java.lang.String arg0] in executable [void battlePackage.junit.BattleGraphicsTester.init(java.lang.String) throws java.io.IOException].
</error>
  </testcase>
  <testcase name="testPaintComponent" classname="battlePackage.junit.BattleGraphicsTester" time="0.001">
    <error message="No ParameterResolver registered for parameter [java.lang.String arg0] in executable [void battlePackage.junit.BattleGraphicsTester.init(java.lang.String) throws java.io.IOException]." type="org.junit.jupiter.api.extension.ParameterResolutionException">org.junit.jupiter.api.extension.ParameterResolutionException: No ParameterResolver registered for parameter [java.lang.String arg0] in executable [void battlePackage.junit.BattleGraphicsTester.init(java.lang.String) throws java.io.IOException].
</error>
  </testcase>
  <testcase name="init{String}[1]" classname="battlePackage.junit.BattleGraphicsTester" time="0.443">
    <error message="Can&apos;t read input file!" type="javax.imageio.IIOException">javax.imageio.IIOException: Can't read input file!
	at battlePackage.junit.BattleGraphicsTester.init(BattleGraphicsTester.java:19)
</error>
  </testcase>
  <testcase name="init{String}[2]" classname="battlePackage.junit.BattleGraphicsTester" time="0.002">
    <error message="Can&apos;t read input file!" type="javax.imageio.IIOException">javax.imageio.IIOException: Can't read input file!
	at battlePackage.junit.BattleGraphicsTester.init(BattleGraphicsTester.java:19)
</error>
  </testcase>
  <testcase name="init{String}[3]" classname="battlePackage.junit.BattleGraphicsTester" time="0.002">
    <error message="Can&apos;t read input file!" type="javax.imageio.IIOException">javax.imageio.IIOException: Can't read input file!
	at battlePackage.junit.BattleGraphicsTester.init(BattleGraphicsTester.java:19)
</error>
  </testcase>
</testsuite>